2018-08-13 17:27:31.774  INFO 13832 --- [main] com.hand.demo.DemoApplicationTests       : Starting DemoApplicationTests on Anifalak-002 with PID 13832 (started by Ani in D:\IdeaProjects\JavaTest5\Exam1)
2018-08-13 17:27:31.775 DEBUG 13832 --- [main] com.hand.demo.DemoApplicationTests       : Running with Spring Boot v2.0.4.RELEASE, Spring v5.0.8.RELEASE
2018-08-13 17:27:31.781  INFO 13832 --- [main] com.hand.demo.DemoApplicationTests       : No active profile set, falling back to default profiles: default
2018-08-13 17:27:31.877  INFO 13832 --- [main] o.s.w.c.s.GenericWebApplicationContext   : Refreshing org.springframework.web.context.support.GenericWebApplicationContext@16aa8654: startup date [Mon Aug 13 17:27:31 GMT+08:00 2018]; root of context hierarchy
2018-08-13 17:27:32.919  INFO 13832 --- [main] .s.d.r.c.RepositoryConfigurationDelegate : Multiple Spring Data modules found, entering strict repository configuration mode!
2018-08-13 17:27:33.583  INFO 13832 --- [main] trationDelegate$BeanPostProcessorChecker : Bean 'org.springframework.transaction.annotation.ProxyTransactionManagementConfiguration' of type [org.springframework.transaction.annotation.ProxyTransactionManagementConfiguration$$EnhancerBySpringCGLIB$$48544713] is not eligible for getting processed by all BeanPostProcessors (for example: not eligible for auto-proxying)
2018-08-13 17:27:34.572  INFO 13832 --- [main] o.s.w.s.handler.SimpleUrlHandlerMapping  : Mapped URL path [/**/favicon.ico] onto handler of type [class org.springframework.web.servlet.resource.ResourceHttpRequestHandler]
2018-08-13 17:27:34.971  INFO 13832 --- [main] s.w.s.m.m.a.RequestMappingHandlerAdapter : Looking for @ControllerAdvice: org.springframework.web.context.support.GenericWebApplicationContext@16aa8654: startup date [Mon Aug 13 17:27:31 GMT+08:00 2018]; root of context hierarchy
2018-08-13 17:27:35.083  INFO 13832 --- [main] s.w.s.m.m.a.RequestMappingHandlerMapping : Mapped "{[/api/user],methods=[PUT]}" onto public void com.hand.demo.controller.CustomerController.updateCustomer(com.hand.demo.domain.Customer)
2018-08-13 17:27:35.085  INFO 13832 --- [main] s.w.s.m.m.a.RequestMappingHandlerMapping : Mapped "{[/api/user/{id}],methods=[DELETE]}" onto public void com.hand.demo.controller.CustomerController.deleteCustomer(java.lang.Long)
2018-08-13 17:27:35.086  INFO 13832 --- [main] s.w.s.m.m.a.RequestMappingHandlerMapping : Mapped "{[/api/user],methods=[POST]}" onto public void com.hand.demo.controller.CustomerController.createCustomer(com.hand.demo.domain.Customer)
2018-08-13 17:27:35.093  INFO 13832 --- [main] s.w.s.m.m.a.RequestMappingHandlerMapping : Mapped "{[/api/film/all],methods=[GET]}" onto public java.util.List<com.hand.demo.domain.Film> com.hand.demo.controller.FilmController.findAllFilm(int,int)
2018-08-13 17:27:35.099  INFO 13832 --- [main] s.w.s.m.m.a.RequestMappingHandlerMapping : Mapped "{[/error]}" onto public org.springframework.http.ResponseEntity<java.util.Map<java.lang.String, java.lang.Object>> org.springframework.boot.autoconfigure.web.servlet.error.BasicErrorController.error(javax.servlet.http.HttpServletRequest)
2018-08-13 17:27:35.101  INFO 13832 --- [main] s.w.s.m.m.a.RequestMappingHandlerMapping : Mapped "{[/error],produces=[text/html]}" onto public org.springframework.web.servlet.ModelAndView org.springframework.boot.autoconfigure.web.servlet.error.BasicErrorController.errorHtml(javax.servlet.http.HttpServletRequest,javax.servlet.http.HttpServletResponse)
2018-08-13 17:27:35.171  INFO 13832 --- [main] o.s.w.s.handler.SimpleUrlHandlerMapping  : Mapped URL path [/webjars/**] onto handler of type [class org.springframework.web.servlet.resource.ResourceHttpRequestHandler]
2018-08-13 17:27:35.171  INFO 13832 --- [main] o.s.w.s.handler.SimpleUrlHandlerMapping  : Mapped URL path [/**] onto handler of type [class org.springframework.web.servlet.resource.ResourceHttpRequestHandler]
2018-08-13 17:27:35.300  WARN 13832 --- [main] ion$DefaultTemplateResolverConfiguration : Cannot find template location: classpath:/templates/ (please add some templates or check your Thymeleaf configuration)
2018-08-13 17:27:35.976  INFO 13832 --- [main] o.s.ui.freemarker.SpringTemplateLoader   : SpringTemplateLoader for FreeMarker: using resource loader [org.springframework.web.context.support.GenericWebApplicationContext@16aa8654: startup date [Mon Aug 13 17:27:31 GMT+08:00 2018]; root of context hierarchy] and template loader path [classpath:/templates/]
2018-08-13 17:27:35.978  INFO 13832 --- [main] o.s.w.s.v.f.FreeMarkerConfigurer         : ClassTemplateLoader for Spring macros added to FreeMarker configuration
2018-08-13 17:27:36.004  WARN 13832 --- [main] o.s.b.a.f.FreeMarkerAutoConfiguration    : Cannot find template location(s): [classpath:/templates/] (please add some templates, check your FreeMarker configuration, or set spring.freemarker.checkTemplateLocation=false)
2018-08-13 17:27:36.533  INFO 13832 --- [main] com.hand.demo.DemoApplicationTests       : Started DemoApplicationTests in 5.308 seconds (JVM running for 7.689)
2018-08-13 17:27:36.712  INFO 13832 --- [Thread-3] o.s.w.c.s.GenericWebApplicationContext   : Closing org.springframework.web.context.support.GenericWebApplicationContext@16aa8654: startup date [Mon Aug 13 17:27:31 GMT+08:00 2018]; root of context hierarchy
